Mock Version: 1.2.12
ENTER do(['bash', '--login', '-c', '/usr/bin/rpmbuild -bs --target x86_64 --nodeps /builddir/build/SPECS/perl-Class-ReturnValue.spec'], chrootPath='/var/www/mock/lib/epel-7-x86_64/root'shell=FalseprintOutput=Falseenv={'LANG': 'C', 'TERM': 'vt100', 'SHELL': '/bin/bash', 'HOSTNAME': 'mock', 'PATH': '/usr/bin:/bin:/usr/sbin:/sbin', 'PROMPT_COMMAND': 'printf "\x1b]0;<mock-chroot>\x07<mock-chroot>"', 'HOME': '/builddir', 'CCACHE_DIR': '/tmp/ccache', 'CCACHE_UMASK': '002'}gid=489user='mockbuild'timeout=0logger=<mockbuild.trace_decorator.getLog object at 0x15c0190>uid=1000)
Executing command: ['bash', '--login', '-c', '/usr/bin/rpmbuild -bs --target x86_64 --nodeps /builddir/build/SPECS/perl-Class-ReturnValue.spec'] with env {'LANG': 'C', 'TERM': 'vt100', 'SHELL': '/bin/bash', 'HOSTNAME': 'mock', 'PATH': '/usr/bin:/bin:/usr/sbin:/sbin', 'PROMPT_COMMAND': 'printf "\x1b]0;<mock-chroot>\x07<mock-chroot>"', 'HOME': '/builddir', 'CCACHE_DIR': '/tmp/ccache', 'CCACHE_UMASK': '002'} and shell False
Building target platforms: x86_64
Building for target x86_64
Wrote: /builddir/build/SRPMS/perl-Class-ReturnValue-0.55-0.4.el7.centos.src.rpm
Child return code was: 0
LEAVE do --> 

ENTER do(['bash', '--login', '-c', '/usr/bin/rpmbuild -bb --target x86_64 --nodeps  /builddir/build/SPECS/perl-Class-ReturnValue.spec '], chrootPath='/var/www/mock/lib/epel-7-x86_64/root'shell=FalseprintOutput=Falseenv={'LANG': 'C', 'TERM': 'vt100', 'SHELL': '/bin/bash', 'HOSTNAME': 'mock', 'PATH': '/usr/bin:/bin:/usr/sbin:/sbin', 'PROMPT_COMMAND': 'printf "\x1b]0;<mock-chroot>\x07<mock-chroot>"', 'HOME': '/builddir', 'CCACHE_DIR': '/tmp/ccache', 'CCACHE_UMASK': '002'}gid=489user='mockbuild'timeout=0logger=<mockbuild.trace_decorator.getLog object at 0x15c0190>uid=1000)
Executing command: ['bash', '--login', '-c', '/usr/bin/rpmbuild -bb --target x86_64 --nodeps  /builddir/build/SPECS/perl-Class-ReturnValue.spec '] with env {'LANG': 'C', 'TERM': 'vt100', 'SHELL': '/bin/bash', 'HOSTNAME': 'mock', 'PATH': '/usr/bin:/bin:/usr/sbin:/sbin', 'PROMPT_COMMAND': 'printf "\x1b]0;<mock-chroot>\x07<mock-chroot>"', 'HOME': '/builddir', 'CCACHE_DIR': '/tmp/ccache', 'CCACHE_UMASK': '002'} and shell False
Building target platforms: x86_64
Building for target x86_64
Executing(%prep): /bin/sh -e /var/tmp/rpm-tmp.iU0XbL
+ umask 022
+ cd /builddir/build/BUILD
+ cd /builddir/build/BUILD
+ rm -rf Class-ReturnValue-0.55
+ /usr/bin/tar -xf -
+ /usr/bin/gzip -dc /builddir/build/SOURCES/Class-ReturnValue-0.55.tar.gz
+ STATUS=0
+ '[' 0 -ne 0 ']'
+ cd Class-ReturnValue-0.55
+ /usr/bin/chmod -Rf a+rX,u+w,g-w,o-w .
+ exit 0
Executing(%build): /bin/sh -e /var/tmp/rpm-tmp.40R5EL
+ umask 022
+ cd /builddir/build/BUILD
+ cd Class-ReturnValue-0.55
+ /usr/bin/perl Makefile.PL INSTALLDIRS=vendor
Checking if your kit is complete...
Looks good
Writing Makefile for Class::ReturnValue
+ make
cp lib/Class/ReturnValue.pm blib/lib/Class/ReturnValue.pm
Manifying blib/man3/Class::ReturnValue.3pm
+ exit 0
Executing(%install): /bin/sh -e /var/tmp/rpm-tmp.Sc3SkO
+ umask 022
+ cd /builddir/build/BUILD
+ '[' /builddir/build/BUILDROOT/perl-Class-ReturnValue-0.55-0.4.el7.centos.x86_64 '!=' / ']'
+ rm -rf /builddir/build/BUILDROOT/perl-Class-ReturnValue-0.55-0.4.el7.centos.x86_64
++ dirname /builddir/build/BUILDROOT/perl-Class-ReturnValue-0.55-0.4.el7.centos.x86_64
+ mkdir -p /builddir/build/BUILDROOT
+ mkdir /builddir/build/BUILDROOT/perl-Class-ReturnValue-0.55-0.4.el7.centos.x86_64
+ cd Class-ReturnValue-0.55
+ rm -rf /builddir/build/BUILDROOT/perl-Class-ReturnValue-0.55-0.4.el7.centos.x86_64
+ make pure_install PERL_INSTALL_ROOT=/builddir/build/BUILDROOT/perl-Class-ReturnValue-0.55-0.4.el7.centos.x86_64
Installing /builddir/build/BUILDROOT/perl-Class-ReturnValue-0.55-0.4.el7.centos.x86_64/usr/share/perl5/vendor_perl/Class/ReturnValue.pm
Installing /builddir/build/BUILDROOT/perl-Class-ReturnValue-0.55-0.4.el7.centos.x86_64/usr/share/man/man3/Class::ReturnValue.3pm
+ find /builddir/build/BUILDROOT/perl-Class-ReturnValue-0.55-0.4.el7.centos.x86_64 -type f -name .packlist -exec rm -f '{}' ';'
+ find /builddir/build/BUILDROOT/perl-Class-ReturnValue-0.55-0.4.el7.centos.x86_64 -type d -depth -exec rmdir '{}' ';'
+ chmod -R u+w /builddir/build/BUILDROOT/perl-Class-ReturnValue-0.55-0.4.el7.centos.x86_64/usr
+ /usr/lib/rpm/find-debuginfo.sh --strict-build-id -m --run-dwz --dwz-low-mem-die-limit 10000000 --dwz-max-die-limit 110000000 /builddir/build/BUILD/Class-ReturnValue-0.55
/usr/lib/rpm/sepdebugcrcfix: Updated 0 CRC32s, 0 CRC32s did match.
+ /usr/lib/rpm/check-buildroot
+ /usr/lib/rpm/redhat/brp-compress
+ /usr/lib/rpm/redhat/brp-strip-static-archive /usr/bin/strip
+ /usr/lib/rpm/brp-python-bytecompile /usr/bin/python 1
+ /usr/lib/rpm/redhat/brp-python-hardlink
+ /usr/lib/rpm/redhat/brp-java-repack-jars
Executing(%check): /bin/sh -e /var/tmp/rpm-tmp.GfYhYR
+ umask 022
+ cd /builddir/build/BUILD
+ cd Class-ReturnValue-0.55
+ make test
PERL_DL_NONLAZY=1 /usr/bin/perl "-MExtUtils::Command::MM" "-e" "test_harness(0, 'inc', 'blib/lib', 'blib/arch')" t/*.t
t/basic.t .. ok
All tests successful.
Files=1, Tests=32,  0 wallclock secs ( 0.05 usr  0.02 sys +  0.06 cusr  0.02 csys =  0.15 CPU)
Result: PASS
+ exit 0
Processing files: perl-Class-ReturnValue-0.55-0.4.el7.centos.noarch
Executing(%doc): /bin/sh -e /var/tmp/rpm-tmp.duJvbW
+ umask 022
+ cd /builddir/build/BUILD
+ cd Class-ReturnValue-0.55
+ DOCDIR=/builddir/build/BUILDROOT/perl-Class-ReturnValue-0.55-0.4.el7.centos.x86_64/usr/share/doc/perl-Class-ReturnValue-0.55
+ export DOCDIR
+ /usr/bin/mkdir -p /builddir/build/BUILDROOT/perl-Class-ReturnValue-0.55-0.4.el7.centos.x86_64/usr/share/doc/perl-Class-ReturnValue-0.55
+ cp -pr Changes /builddir/build/BUILDROOT/perl-Class-ReturnValue-0.55-0.4.el7.centos.x86_64/usr/share/doc/perl-Class-ReturnValue-0.55
+ exit 0
Provides: perl(Class::ReturnValue) = 0.55 perl-Class-ReturnValue = 0.55-0.4.el7.centos
Requires(rpmlib): rpmlib(CompressedFileNames) <= 3.0.4-1 rpmlib(FileDigests) <= 4.6.0-1 rpmlib(PayloadFilesHavePrefix) <= 4.0-1
Requires: perl(Carp) perl(Data::Dumper) perl(Devel::StackTrace) perl(Exporter) perl(overload) perl(strict) perl(vars) perl(warnings)
Checking for unpackaged file(s): /usr/lib/rpm/check-files /builddir/build/BUILDROOT/perl-Class-ReturnValue-0.55-0.4.el7.centos.x86_64
Wrote: /builddir/build/RPMS/perl-Class-ReturnValue-0.55-0.4.el7.centos.noarch.rpm
Executing(%clean): /bin/sh -e /var/tmp/rpm-tmp.hC8wW4
+ umask 022
+ cd /builddir/build/BUILD
+ cd Class-ReturnValue-0.55
+ rm -rf /builddir/build/BUILDROOT/perl-Class-ReturnValue-0.55-0.4.el7.centos.x86_64
+ exit 0
Child return code was: 0
LEAVE do --> 

