CPU info:
Architecture:                    x86_64
CPU op-mode(s):                  32-bit, 64-bit
Address sizes:                   45 bits physical, 48 bits virtual
Byte Order:                      Little Endian
CPU(s):                          2
On-line CPU(s) list:             0,1
Vendor ID:                       GenuineIntel
Model name:                      12th Gen Intel(R) Core(TM) i7-12700F
CPU family:                      6
Model:                           151
Thread(s) per core:              1
Core(s) per socket:              1
Socket(s):                       2
Stepping:                        2
BogoMIPS:                        4224.00
Flags:                           fpu vme de pse tsc msr pae mce cx8 apic sep mtrr pge mca cmov pat pse36 clflush mmx fxsr sse sse2 ss syscall nx pdpe1gb rdtscp lm constant_tsc arch_perfmon rep_good nopl xtopology tsc_reliable nonstop_tsc cpuid tsc_known_freq pni pclmulqdq ssse3 fma cx16 pcid sse4_1 sse4_2 x2apic movbe popcnt aes xsave avx f16c rdrand hypervisor lahf_lm abm 3dnowprefetch invpcid_single pti ssbd ibrs ibpb stibp fsgsbase tsc_adjust bmi1 avx2 smep bmi2 erms invpcid rdseed adx smap clflushopt clwb sha_ni xsaveopt xsavec xgetbv1 xsaves avx_vnni arat umip gfni vaes vpclmulqdq rdpid movdiri movdir64b fsrm serialize flush_l1d arch_capabilities
Hypervisor vendor:               VMware
Virtualization type:             full
L1d cache:                       96 KiB (2 instances)
L1i cache:                       64 KiB (2 instances)
L2 cache:                        2.5 MiB (2 instances)
L3 cache:                        50 MiB (2 instances)
NUMA node(s):                    1
NUMA node0 CPU(s):               0,1
Vulnerability Itlb multihit:     Not affected
Vulnerability L1tf:              Mitigation; PTE Inversion
Vulnerability Mds:               Vulnerable: Clear CPU buffers attempted, no microcode; SMT Host state unknown
Vulnerability Meltdown:          Mitigation; PTI
Vulnerability Mmio stale data:   Not affected
Vulnerability Retbleed:          Mitigation; IBRS
Vulnerability Spec store bypass: Mitigation; Speculative Store Bypass disabled via prctl
Vulnerability Spectre v1:        Mitigation; usercopy/swapgs barriers and __user pointer sanitization
Vulnerability Spectre v2:        Mitigation; IBRS, IBPB conditional, RSB filling, PBRSB-eIBRS Not affected
Vulnerability Srbds:             Not affected
Vulnerability Tsx async abort:   Not affected


Memory:
               total        used        free      shared  buff/cache   available
Mem:         3722228     1529932      341844        8972     2159828     2192296
Swap:        2121724     1325756      795968


Storage (chroot, cache_topdir):
Filesystem           Size  Used Avail Use% Mounted on
/dev/mapper/cs-root   70G   36G   35G  52% /
/dev/mapper/cs-root   70G   36G   35G  52% /
