2023-04-07 19:51:16,612 - Mock Version: 3.5
2023-04-07 19:51:17,573 - Start: dnf update
2023-04-07 19:51:22,875 - Finish: dnf update
2023-04-07 19:51:22,881 - Finish: chroot init
2023-04-07 19:51:22,895 - Start: buildsrpm
2023-04-07 19:51:22,926 - Start: rpmbuild -bs
2023-04-07 19:51:23,808 - Finish: rpmbuild -bs
2023-04-07 19:51:23,829 - Finish: buildsrpm
2023-04-07 19:51:23,831 - Start: clean chroot
2023-04-07 19:51:27,980 - Finish: clean chroot
2023-04-07 19:51:27,990 - Start(bootstrap): chroot init
2023-04-07 19:51:28,012 - Start(bootstrap): cleaning package manager metadata
2023-04-07 19:51:28,012 - Finish(bootstrap): cleaning package manager metadata
2023-04-07 19:51:28,351 - Finish(bootstrap): chroot init
2023-04-07 19:51:28,355 - Start: chroot init
2023-04-07 19:51:28,372 - Start: unpacking root cache
2023-04-07 19:51:31,597 - Finish: unpacking root cache
2023-04-07 19:51:31,601 - Start: cleaning package manager metadata
2023-04-07 19:51:31,605 - Finish: cleaning package manager metadata
2023-04-07 19:51:32,604 - Finish: chroot init
2023-04-07 19:51:32,606 - Start: build phase for rt-5.0.3-4.el9.src.rpm
2023-04-07 19:51:32,607 - Start: build setup for rt-5.0.3-4.el9.src.rpm
2023-04-07 19:51:38,333 - Finish: build setup for rt-5.0.3-4.el9.src.rpm
2023-04-07 19:51:38,333 - Finish: build phase for rt-5.0.3-4.el9.src.rpm
2023-04-07 19:51:38,335 - Start: clean chroot
2023-04-07 19:51:41,545 - Finish: clean chroot
