2023-04-07 19:50:43,723 - Mock Version: 3.5
2023-04-07 19:50:44,549 - Start: dnf update
2023-04-07 19:50:50,086 - Finish: dnf update
2023-04-07 19:50:50,096 - Finish: chroot init
2023-04-07 19:50:50,105 - Start: buildsrpm
2023-04-07 19:50:50,125 - Start: rpmbuild -bs
2023-04-07 19:50:51,043 - Finish: rpmbuild -bs
2023-04-07 19:50:51,056 - Finish: buildsrpm
2023-04-07 19:50:51,058 - Start: clean chroot
2023-04-07 19:50:53,901 - Finish: clean chroot
2023-04-07 19:50:53,912 - Start(bootstrap): chroot init
2023-04-07 19:50:53,966 - Start(bootstrap): cleaning package manager metadata
2023-04-07 19:50:53,968 - Finish(bootstrap): cleaning package manager metadata
2023-04-07 19:50:54,338 - Finish(bootstrap): chroot init
2023-04-07 19:50:54,342 - Start: chroot init
2023-04-07 19:50:54,357 - Start: unpacking root cache
2023-04-07 19:50:59,758 - Finish: unpacking root cache
2023-04-07 19:50:59,761 - Start: cleaning package manager metadata
2023-04-07 19:50:59,766 - Finish: cleaning package manager metadata
2023-04-07 19:51:00,754 - Finish: chroot init
2023-04-07 19:51:00,756 - Start: build phase for rt-5.0.3-4.el8.src.rpm
2023-04-07 19:51:00,758 - Start: build setup for rt-5.0.3-4.el8.src.rpm
2023-04-07 19:51:07,446 - Finish: build setup for rt-5.0.3-4.el8.src.rpm
2023-04-07 19:51:07,447 - Finish: build phase for rt-5.0.3-4.el8.src.rpm
2023-04-07 19:51:07,449 - Start: clean chroot
2023-04-07 19:51:10,218 - Finish: clean chroot
